\BOOKMARK [1][-]{section.1}{\376\377\000I\000n\000t\000r\000o\000d\000u\000\347\000\343\000o}{}% 1
\BOOKMARK [1][-]{section.2}{\376\377\000M\000\351\000t\000o\000d\000o}{}% 2
\BOOKMARK [2][-]{subsection.2.1}{\376\377\000O\000r\000g\000a\000n\000i\000z\000a\000\347\000\343\000o\000\040\000d\000o\000\040\000c\000\363\000d\000i\000g\000o}{section.2}% 3
\BOOKMARK [2][-]{subsection.2.2}{\376\377\000E\000s\000t\000r\000u\000t\000u\000r\000a\000s\000\040\000d\000e\000\040\000D\000a\000d\000o\000s\000,\000\040\000T\000A\000D\000s\000\040\000e\000\040\000m\000\351\000t\000o\000d\000o\000s}{section.2}% 4
\BOOKMARK [3][-]{subsubsection.2.2.1}{\376\377\000L\000i\000s\000t\000a\000\040\000E\000n\000c\000a\000d\000e\000a\000d\000a}{subsection.2.2}% 5
\BOOKMARK [3][-]{subsubsection.2.2.2}{\376\377\000F\000i\000l\000a\000\040\000E\000n\000c\000a\000d\000e\000a\000d\000a}{subsection.2.2}% 6
\BOOKMARK [2][-]{subsection.2.3}{\376\377\000O\000u\000t\000r\000a\000s\000\040\000c\000l\000a\000s\000s\000e\000s}{section.2}% 7
\BOOKMARK [1][-]{section.3}{\376\377\000A\000n\000\341\000l\000i\000s\000e\000\040\000d\000e\000\040\000C\000o\000m\000p\000l\000e\000x\000i\000d\000a\000d\000e}{}% 8
\BOOKMARK [2][-]{subsection.3.1}{\376\377\000M\000\351\000t\000o\000d\000o\000s}{section.3}% 9
\BOOKMARK [1][-]{section.4}{\376\377\000E\000s\000t\000r\000a\000t\000\351\000g\000i\000a\000s\000\040\000d\000e\000\040\000R\000o\000b\000u\000s\000t\000e\000z}{}% 10
\BOOKMARK [2][-]{subsection.4.1}{\376\377\000U\000R\000L}{section.4}% 11
\BOOKMARK [2][-]{subsection.4.2}{\376\377\000L\000i\000n\000k\000e\000d\000L\000i\000s\000t}{section.4}% 12
\BOOKMARK [2][-]{subsection.4.3}{\376\377\000S\000i\000t\000e}{section.4}% 13
\BOOKMARK [2][-]{subsection.4.4}{\376\377\000L\000i\000n\000k\000e\000d\000Q\000u\000e\000u\000e}{section.4}% 14
\BOOKMARK [2][-]{subsection.4.5}{\376\377\000E\000s\000c\000a\000l\000o\000n\000a\000d\000o\000r}{section.4}% 15
\BOOKMARK [2][-]{subsection.4.6}{\376\377\000P\000r\000o\000g\000r\000a\000m\000a\000\040\000p\000r\000i\000n\000c\000i\000p\000a\000l}{section.4}% 16
\BOOKMARK [1][-]{section.5}{\376\377\000A\000n\000\341\000l\000i\000s\000e\000\040\000E\000x\000p\000e\000r\000i\000m\000e\000n\000t\000a\000l}{}% 17
\BOOKMARK [1][-]{section.6}{\376\377\000C\000o\000n\000c\000l\000u\000s\000\365\000e\000s}{}% 18
\BOOKMARK [2][-]{subsection.6.1}{\376\377\000A\000p\000r\000e\000n\000d\000i\000z\000a\000d\000o\000\040\000P\000e\000s\000s\000o\000a\000l}{section.6}% 19
\BOOKMARK [1][-]{section.7}{\376\377\000B\000i\000b\000l\000i\000o\000g\000r\000a\000f\000i\000a}{}% 20
